<?xml version="1.0" encoding="UTF-8"?>
<testsuite xmlns:xsi="http://www.w3.org/2001/XMLSchema-instance" xsi:noNamespaceSchemaLocation="https://maven.apache.org/surefire/maven-surefire-plugin/xsd/surefire-test-report.xsd" name="de.bredex.account.domain.service.AccountServiceTest" time="0.254" tests="3" errors="0" skipped="0" failures="0">
  <properties>
[...]
</properties>
  <testcase name="getAccount_returns_account" classname="de.bredex.account.domain.service.AccountServiceTest" time="0.065"/>
  <testcase name="getAccounts_returns_accounts" classname="de.bredex.account.domain.service.AccountServiceTest" time="0.005"/>
  <testcase name="getAccount_throws_exception_for_non_existing_account" classname="de.bredex.account.domain.service.AccountServiceTest" time="0.005"/>
</testsuite>